<?xml version="1.0" encoding="UTF-8"?>
<!-- Generated by org.testng.reporters.JUnitReportReporter -->
<testsuite hostname="MLI-LAP-169" failures="0" tests="1" name="testCases.NewTest1" time="24.760" errors="0" timestamp="2022-08-16T15:02:26 IST" skipped="0">
  <testcase classname="testCases.NewTest1" name="loginTest" time="24.760"/>
  <system-out/>
</testsuite> <!-- testCases.NewTest1 -->
